<?xml version="1.0" encoding="UTF-8"?>
<!-- Generated by org.testng.reporters.JUnitReportReporter -->
<testsuite hostname="DESKTOP-QSPCF76" failures="0" tests="9" name="UtilityClass.LoginAmazonTest" time="203.113" errors="0" timestamp="2025-09-28T20:51:12 IST" skipped="0">
  <testcase classname="UtilityClass.LoginAmazonTest" name="clickButtun" time="73.201"/>
  <system-out/>
  <testcase classname="UtilityClass.LoginAmazonTest" name="onePlus" time="48.275"/>
  <system-out/>
  <testcase classname="UtilityClass.LoginAmazonTest" name="displayOneplus" time="1.660"/>
  <system-out/>
  <testcase classname="UtilityClass.LoginAmazonTest" name="samsung" time="18.238"/>
  <system-out/>
  <testcase classname="UtilityClass.LoginAmazonTest" name="displaySamsung" time="1.425"/>
  <system-out/>
  <testcase classname="UtilityClass.LoginAmazonTest" name="realme" time="32.087"/>
  <system-out/>
  <testcase classname="UtilityClass.LoginAmazonTest" name="displayRealme" time="1.578"/>
  <system-out/>
  <testcase classname="UtilityClass.LoginAmazonTest" name="onePlus13s" time="25.045"/>
  <system-out/>
  <testcase classname="UtilityClass.LoginAmazonTest" name="displayOneplus13s" time="1.604"/>
  <system-out/>
</testsuite> <!-- UtilityClass.LoginAmazonTest -->
